zookeeper-1  | ===> User
zookeeper-1  | uid=1000(appuser) gid=1000(appuser) groups=1000(appuser)
zookeeper-1  | ===> Configuring ...
zookeeper-1  | ===> Running preflight checks ... 
zookeeper-1  | ===> Check if /var/lib/zookeeper/data is writable ...
zookeeper-1  | ===> Check if /var/lib/zookeeper/log is writable ...
zookeeper-1  | ===> Launching ... 
zookeeper-1  | ===> Launching zookeeper ... 
zookeeper-1  | [2025-04-08 15:31:41,773] INFO Reading configuration from: /etc/kafka/zookeeper.properties (org.apache.zookeeper.server.quorum.QuorumPeerConfig)
zookeeper-1  | [2025-04-08 15:31:41,820] INFO clientPortAddress is 0.0.0.0:2181 (org.apache.zookeeper.server.quorum.QuorumPeerConfig)
zookeeper-1  | [2025-04-08 15:31:41,846] INFO secureClientPort is not set (org.apache.zookeeper.server.quorum.QuorumPeerConfig)
zookeeper-1  | [2025-04-08 15:31:41,847] INFO observerMasterPort is not set (org.apache.zookeeper.server.quorum.QuorumPeerConfig)
zookeeper-1  | [2025-04-08 15:31:41,847] INFO metricsProvider.className is org.apache.zookeeper.metrics.impl.DefaultMetricsProvider (org.apache.zookeeper.server.quorum.QuorumPeerConfig)
zookeeper-1  | [2025-04-08 15:31:41,858] INFO autopurge.snapRetainCount set to 3 (org.apache.zookeeper.server.DatadirCleanupManager)
zookeeper-1  | [2025-04-08 15:31:41,876] INFO autopurge.purgeInterval set to 0 (org.apache.zookeeper.server.DatadirCleanupManager)
zookeeper-1  | [2025-04-08 15:31:41,876] INFO Purge task is not scheduled. (org.apache.zookeeper.server.DatadirCleanupManager)
zookeeper-1  | [2025-04-08 15:31:41,876] WARN Either no config or no quorum defined in config, running in standalone mode (org.apache.zookeeper.server.quorum.QuorumPeerMain)
zookeeper-1  | [2025-04-08 15:31:41,879] INFO Log4j 1.2 jmx support not found; jmx disabled. (org.apache.zookeeper.jmx.ManagedUtil)
zookeeper-1  | [2025-04-08 15:31:41,886] INFO Reading configuration from: /etc/kafka/zookeeper.properties (org.apache.zookeeper.server.quorum.QuorumPeerConfig)
zookeeper-1  | [2025-04-08 15:31:41,887] INFO clientPortAddress is 0.0.0.0:2181 (org.apache.zookeeper.server.quorum.QuorumPeerConfig)
zookeeper-1  | [2025-04-08 15:31:41,887] INFO secureClientPort is not set (org.apache.zookeeper.server.quorum.QuorumPeerConfig)
zookeeper-1  | [2025-04-08 15:31:41,887] INFO observerMasterPort is not set (org.apache.zookeeper.server.quorum.QuorumPeerConfig)
zookeeper-1  | [2025-04-08 15:31:41,888] INFO metricsProvider.className is org.apache.zookeeper.metrics.impl.DefaultMetricsProvider (org.apache.zookeeper.server.quorum.QuorumPeerConfig)
zookeeper-1  | [2025-04-08 15:31:41,888] INFO Starting server (org.apache.zookeeper.server.ZooKeeperServerMain)
zookeeper-1  | [2025-04-08 15:31:41,992] INFO ServerMetrics initialized with provider org.apache.zookeeper.metrics.impl.DefaultMetricsProvider@5d47c63f (org.apache.zookeeper.server.ServerMetrics)
zookeeper-1  | [2025-04-08 15:31:42,031] INFO ACL digest algorithm is: SHA1 (org.apache.zookeeper.server.auth.DigestAuthenticationProvider)
zookeeper-1  | [2025-04-08 15:31:42,046] INFO zookeeper.DigestAuthenticationProvider.enabled = true (org.apache.zookeeper.server.auth.DigestAuthenticationProvider)
zookeeper-1  | [2025-04-08 15:31:42,072] INFO zookeeper.snapshot.trust.empty : false (org.apache.zookeeper.server.persistence.FileTxnSnapLog)
zookeeper-1  | [2025-04-08 15:31:42,165] INFO  (org.apache.zookeeper.server.ZooKeeperServer)
zookeeper-1  | [2025-04-08 15:31:42,196] INFO   ______                  _                                           (org.apache.zookeeper.server.ZooKeeperServer)
zookeeper-1  | [2025-04-08 15:31:42,196] INFO  |___  /                 | |                                          (org.apache.zookeeper.server.ZooKeeperServer)
zookeeper-1  | [2025-04-08 15:31:42,196] INFO     / /    ___     ___   | | __   ___    ___   _ __     ___   _ __    (org.apache.zookeeper.server.ZooKeeperServer)
zookeeper-1  | [2025-04-08 15:31:42,197] INFO    / /    / _ \   / _ \  | |/ /  / _ \  / _ \ | '_ \   / _ \ | '__| (org.apache.zookeeper.server.ZooKeeperServer)
zookeeper-1  | [2025-04-08 15:31:42,198] INFO   / /__  | (_) | | (_) | |   <  |  __/ |  __/ | |_) | |  __/ | |     (org.apache.zookeeper.server.ZooKeeperServer)
zookeeper-1  | [2025-04-08 15:31:42,200] INFO  /_____|  \___/   \___/  |_|\_\  \___|  \___| | .__/   \___| |_| (org.apache.zookeeper.server.ZooKeeperServer)
zookeeper-1  | [2025-04-08 15:31:42,200] INFO                                               | |                      (org.apache.zookeeper.server.ZooKeeperServer)
zookeeper-1  | [2025-04-08 15:31:42,200] INFO                                               |_|                      (org.apache.zookeeper.server.ZooKeeperServer)
zookeeper-1  | [2025-04-08 15:31:42,200] INFO  (org.apache.zookeeper.server.ZooKeeperServer)
zookeeper-1  | [2025-04-08 15:31:42,208] INFO Server environment:zookeeper.version=3.8.4-9316c2a7a97e1666d8f4593f34dd6fc36ecc436c, built on 2024-02-12 22:16 UTC (org.apache.zookeeper.server.ZooKeeperServer)
zookeeper-1  | [2025-04-08 15:31:42,216] INFO Server environment:host.name=eb1e1d2b8183 (org.apache.zookeeper.server.ZooKeeperServer)
zookeeper-1  | [2025-04-08 15:31:42,216] INFO Server environment:java.version=17.0.13 (org.apache.zookeeper.server.ZooKeeperServer)
zookeeper-1  | [2025-04-08 15:31:42,216] INFO Server environment:java.vendor=Eclipse Adoptium (org.apache.zookeeper.server.ZooKeeperServer)
zookeeper-1  | [2025-04-08 15:31:42,216] INFO Server environment:java.home=/usr/lib/jvm/temurin-17-jre (org.apache.zookeeper.server.ZooKeeperServer)
zookeeper-1  | [2025-04-08 15:31:42,216] INFO Server environment:java.class.path=/usr/bin/../share/java/kafka/aopalliance-repackaged-2.6.1.jar:/usr/bin/../share/java/kafka/swagger-annotations-2.2.8.jar:/usr/bin/../share/java/kafka/jackson-annotations-2.16.2.jar:/usr/bin/../share/java/kafka/javax.annotation-api-1.3.2.jar:/usr/bin/../share/java/kafka/commons-beanutils-1.9.4.jar:/usr/bin/../share/java/kafka/osgi-resource-locator-1.0.3.jar:/usr/bin/../share/java/kafka/jakarta.activation-api-1.2.2.jar:/usr/bin/../share/java/kafka/reflections-0.10.2.jar:/usr/bin/../share/java/kafka/netty-transport-native-epoll-4.1.115.Final.jar:/usr/bin/../share/java/kafka/jetty-util-ajax-9.4.57.v20241219.jar:/usr/bin/../share/java/kafka/zookeeper-jute-3.8.4.jar:/usr/bin/../share/java/kafka/jose4j-0.9.4.jar:/usr/bin/../share/java/kafka/lz4-java-1.8.0.jar:/usr/bin/../share/java/kafka/jersey-common-2.39.1.jar:/usr/bin/../share/java/kafka/connect-runtime-7.9.0-ccs.jar:/usr/bin/../share/java/kafka/jetty-security-9.4.57.v20241219.jar:/usr/bin/../share/java/kafka/jetty-io-9.4.57.v20241219.jar:/usr/bin/../share/java/kafka/jsr305-3.0.2.jar:/usr/bin/../share/java/kafka/commons-io-2.14.0.jar:/usr/bin/../share/java/kafka/commons-lang3-3.12.0.jar:/usr/bin/../share/java/kafka/kafka-group-coordinator-7.9.0-ccs.jar:/usr/bin/../share/java/kafka/kafka-streams-7.9.0-ccs.jar:/usr/bin/../share/java/kafka/jakarta.inject-2.6.1.jar:/usr/bin/../share/java/kafka/netty-transport-4.1.115.Final.jar:/usr/bin/../share/java/kafka/jetty-util-9.4.57.v20241219.jar:/usr/bin/../share/java/kafka/jaxb-api-2.3.1.jar:/usr/bin/../share/java/kafka/scala-java8-compat_2.13-1.0.2.jar:/usr/bin/../share/java/kafka/plexus-utils-3.5.1.jar:/usr/bin/../share/java/kafka/jackson-dataformat-csv-2.16.2.jar:/usr/bin/../share/java/kafka/zookeeper-3.8.4.jar:/usr/bin/../share/java/kafka/scala-library-2.13.14.jar:/usr/bin/../share/java/kafka/javassist-3.29.2-GA.jar:/usr/bin/../share/java/kafka/jline-3.25.1.jar:/usr/bin/../share/java/kafka/metrics-core-4.1.12.1.jar:/usr/bin/../share/java/kafka/kafka-storage-7.9.0-ccs.jar:/usr/bin/../share/java/kafka/jackson-module-afterburner-2.16.2.jar:/usr/bin/../share/java/kafka/kafka_2.13-7.9.0-ccs.jar:/usr/bin/../share/java/kafka/jetty-servlet-9.4.57.v20241219.jar:/usr/bin/../share/java/kafka/protobuf-java-3.25.5.jar:/usr/bin/../share/java/kafka/maven-artifact-3.9.6.jar:/usr/bin/../share/java/kafka/jackson-core-2.16.2.jar:/usr/bin/../share/java/kafka/netty-handler-4.1.115.Final.jar:/usr/bin/../share/java/kafka/jackson-jaxrs-json-provider-2.16.2.jar:/usr/bin/../share/java/kafka/kafka-shell-7.9.0-ccs.jar:/usr/bin/../share/java/kafka/reload4j-1.2.25.jar:/usr/bin/../share/java/kafka/kafka-streams-examples-7.9.0-ccs.jar:/usr/bin/../share/java/kafka/commons-digester-2.1.jar:/usr/bin/../share/java/kafka/hk2-locator-2.6.1.jar:/usr/bin/../share/java/kafka/connect-mirror-7.9.0-ccs.jar:/usr/bin/../share/java/kafka/commons-validator-1.7.jar:/usr/bin/../share/java/kafka/kafka-metadata-7.9.0-ccs.jar:/usr/bin/../share/java/kafka/kafka-tools-api-7.9.0-ccs.jar:/usr/bin/../share/java/kafka/jersey-container-servlet-core-2.39.1.jar:/usr/bin/../share/java/kafka/jopt-simple-5.0.4.jar:/usr/bin/../share/java/kafka/jetty-continuation-9.4.57.v20241219.jar:/usr/bin/../share/java/kafka/scala-collection-compat_2.13-2.10.0.jar:/usr/bin/../share/java/kafka/jetty-http-9.4.57.v20241219.jar:/usr/bin/../share/java/kafka/kafka-group-coordinator-api-7.9.0-ccs.jar:/usr/bin/../share/java/kafka/jetty-server-9.4.57.v20241219.jar:/usr/bin/../share/java/kafka/jetty-servlets-9.4.57.v20241219.jar:/usr/bin/../share/java/kafka/jackson-databind-2.16.2.jar:/usr/bin/../share/java/kafka/audience-annotations-0.12.0.jar:/usr/bin/../share/java/kafka/kafka-storage-api-7.9.0-ccs.jar:/usr/bin/../share/java/kafka/zstd-jni-1.5.6-4.jar:/usr/bin/../share/java/kafka/jackson-module-jaxb-annotations-2.16.2.jar:/usr/bin/../share/java/kafka/paranamer-2.8.jar:/usr/bin/../share/java/kafka/hk2-utils-2.6.1.jar:/usr/bin/../share/java/kafka/javax.activation-api-1.2.0.jar:/usr/bin/../share/java/kafka/netty-transport-native-unix-common-4.1.115.Final.jar:/usr/bin/../share/java/kafka/caffeine-2.9.3.jar:/usr/bin/../share/java/kafka/connect-json-7.9.0-ccs.jar:/usr/bin/../share/java/kafka/kafka-tools-7.9.0-ccs.jar:/usr/bin/../share/java/kafka/jakarta.ws.rs-api-2.1.6.jar:/usr/bin/../share/java/kafka/jersey-hk2-2.39.1.jar:/usr/bin/../share/java/kafka/connect-api-7.9.0-ccs.jar:/usr/bin/../share/java/kafka/connect-mirror-client-7.9.0-ccs.jar:/usr/bin/../share/java/kafka/netty-codec-4.1.115.Final.jar:/usr/bin/../share/java/kafka/netty-buffer-4.1.115.Final.jar:/usr/bin/../share/java/kafka/pcollections-4.0.1.jar:/usr/bin/../share/java/kafka/jersey-container-servlet-2.39.1.jar:/usr/bin/../share/java/kafka/slf4j-api-1.7.36.jar:/usr/bin/../share/java/kafka/slf4j-reload4j-1.7.36.jar:/usr/bin/../share/java/kafka/rocksdbjni-7.9.2.jar:/usr/bin/../share/java/kafka/scala-logging_2.13-3.9.5.jar:/usr/bin/../share/java/kafka/commons-collections-3.2.2.jar:/usr/bin/../share/java/kafka/commons-logging-1.2.jar:/usr/bin/../share/java/kafka/kafka-raft-7.9.0-ccs.jar:/usr/bin/../share/java/kafka/kafka-streams-test-utils-7.9.0-ccs.jar:/usr/bin/../share/java/kafka/kafka.jar:/usr/bin/../share/java/kafka/netty-transport-classes-epoll-4.1.115.Final.jar:/usr/bin/../share/java/kafka/kafka-transaction-coordinator-7.9.0-ccs.jar:/usr/bin/../share/java/kafka/activation-1.1.1.jar:/usr/bin/../share/java/kafka/scala-reflect-2.13.14.jar:/usr/bin/../share/java/kafka/connect-basic-auth-extension-7.9.0-ccs.jar:/usr/bin/../share/java/kafka/jakarta.validation-api-2.0.2.jar:/usr/bin/../share/java/kafka/kafka-streams-scala_2.13-7.9.0-ccs.jar:/usr/bin/../share/java/kafka/jersey-server-2.39.1.jar:/usr/bin/../share/java/kafka/netty-common-4.1.115.Final.jar:/usr/bin/../share/java/kafka/kafka-server-7.9.0-ccs.jar:/usr/bin/../share/java/kafka/snappy-java-1.1.10.5.jar:/usr/bin/../share/java/kafka/javax.servlet-api-3.1.0.jar:/usr/bin/../share/java/kafka/trogdor-7.9.0-ccs.jar:/usr/bin/../share/java/kafka/jakarta.xml.bind-api-2.3.3.jar:/usr/bin/../share/java/kafka/jetty-client-9.4.57.v20241219.jar:/usr/bin/../share/java/kafka/netty-resolver-4.1.115.Final.jar:/usr/bin/../share/java/kafka/argparse4j-0.7.0.jar:/usr/bin/../share/java/kafka/commons-cli-1.4.jar:/usr/bin/../share/java/kafka/kafka-server-common-7.9.0-ccs.jar:/usr/bin/../share/java/kafka/kafka-clients-7.9.0-ccs.jar:/usr/bin/../share/java/kafka/jackson-datatype-jdk8-2.16.2.jar:/usr/bin/../share/java/kafka/metrics-core-2.2.0.jar:/usr/bin/../share/java/kafka/jakarta.annotation-api-1.3.5.jar:/usr/bin/../share/java/kafka/error_prone_annotations-2.10.0.jar:/usr/bin/../share/java/kafka/jersey-client-2.39.1.jar:/usr/bin/../share/java/kafka/jackson-module-scala_2.13-2.16.2.jar:/usr/bin/../share/java/kafka/javax.ws.rs-api-2.1.1.jar:/usr/bin/../share/java/kafka/connect-transforms-7.9.0-ccs.jar:/usr/bin/../share/java/kafka/jackson-jaxrs-base-2.16.2.jar:/usr/bin/../share/java/kafka/hk2-api-2.6.1.jar:/usr/bin/../share/java/kafka/opentelemetry-proto-1.0.0-alpha.jar:/usr/bin/../share/java/confluent-telemetry/* (org.apache.zookeeper.server.ZooKeeperServer)
zookeeper-1  | [2025-04-08 15:31:42,217] INFO Server environment:java.library.path=/usr/local/lib64:/usr/local/lib::/usr/java/packages/lib:/usr/lib64:/lib64:/lib:/usr/lib (org.apache.zookeeper.server.ZooKeeperServer)
zookeeper-1  | [2025-04-08 15:31:42,217] INFO Server environment:java.io.tmpdir=/tmp (org.apache.zookeeper.server.ZooKeeperServer)
zookeeper-1  | [2025-04-08 15:31:42,217] INFO Server environment:java.compiler=<NA> (org.apache.zookeeper.server.ZooKeeperServer)
zookeeper-1  | [2025-04-08 15:31:42,218] INFO Server environment:os.name=Linux (org.apache.zookeeper.server.ZooKeeperServer)
zookeeper-1  | [2025-04-08 15:31:42,218] INFO Server environment:os.arch=amd64 (org.apache.zookeeper.server.ZooKeeperServer)
zookeeper-1  | [2025-04-08 15:31:42,218] INFO Server environment:os.version=5.15.153.1-microsoft-standard-WSL2 (org.apache.zookeeper.server.ZooKeeperServer)
zookeeper-1  | [2025-04-08 15:31:42,218] INFO Server environment:user.name=appuser (org.apache.zookeeper.server.ZooKeeperServer)
zookeeper-1  | [2025-04-08 15:31:42,218] INFO Server environment:user.home=/home/appuser (org.apache.zookeeper.server.ZooKeeperServer)
zookeeper-1  | [2025-04-08 15:31:42,218] INFO Server environment:user.dir=/home/appuser (org.apache.zookeeper.server.ZooKeeperServer)
zookeeper-1  | [2025-04-08 15:31:42,218] INFO Server environment:os.memory.free=495MB (org.apache.zookeeper.server.ZooKeeperServer)
zookeeper-1  | [2025-04-08 15:31:42,219] INFO Server environment:os.memory.max=512MB (org.apache.zookeeper.server.ZooKeeperServer)
zookeeper-1  | [2025-04-08 15:31:42,219] INFO Server environment:os.memory.total=512MB (org.apache.zookeeper.server.ZooKeeperServer)
zookeeper-1  | [2025-04-08 15:31:42,219] INFO zookeeper.enableEagerACLCheck = false (org.apache.zookeeper.server.ZooKeeperServer)
zookeeper-1  | [2025-04-08 15:31:42,219] INFO zookeeper.digest.enabled = true (org.apache.zookeeper.server.ZooKeeperServer)
zookeeper-1  | [2025-04-08 15:31:42,225] INFO zookeeper.closeSessionTxn.enabled = true (org.apache.zookeeper.server.ZooKeeperServer)
zookeeper-1  | [2025-04-08 15:31:42,226] INFO zookeeper.flushDelay = 0 ms (org.apache.zookeeper.server.ZooKeeperServer)
zookeeper-1  | [2025-04-08 15:31:42,226] INFO zookeeper.maxWriteQueuePollTime = 0 ms (org.apache.zookeeper.server.ZooKeeperServer)
zookeeper-1  | [2025-04-08 15:31:42,227] INFO zookeeper.maxBatchSize=1000 (org.apache.zookeeper.server.ZooKeeperServer)
zookeeper-1  | [2025-04-08 15:31:42,227] INFO zookeeper.intBufferStartingSizeBytes = 1024 (org.apache.zookeeper.server.ZooKeeperServer)
zookeeper-1  | [2025-04-08 15:31:42,259] INFO Weighed connection throttling is disabled (org.apache.zookeeper.server.BlueThrottle)
zookeeper-1  | [2025-04-08 15:31:42,261] INFO minSessionTimeout set to 4000 ms (org.apache.zookeeper.server.ZooKeeperServer)
zookeeper-1  | [2025-04-08 15:31:42,262] INFO maxSessionTimeout set to 40000 ms (org.apache.zookeeper.server.ZooKeeperServer)
zookeeper-1  | [2025-04-08 15:31:42,264] INFO getData response cache size is initialized with value 400. (org.apache.zookeeper.server.ResponseCache)
zookeeper-1  | [2025-04-08 15:31:42,265] INFO getChildren response cache size is initialized with value 400. (org.apache.zookeeper.server.ResponseCache)
zookeeper-1  | [2025-04-08 15:31:42,266] INFO zookeeper.pathStats.slotCapacity = 60 (org.apache.zookeeper.server.util.RequestPathMetricsCollector)
zookeeper-1  | [2025-04-08 15:31:42,276] INFO zookeeper.pathStats.slotDuration = 15 (org.apache.zookeeper.server.util.RequestPathMetricsCollector)
zookeeper-1  | [2025-04-08 15:31:42,276] INFO zookeeper.pathStats.maxDepth = 6 (org.apache.zookeeper.server.util.RequestPathMetricsCollector)
zookeeper-1  | [2025-04-08 15:31:42,276] INFO zookeeper.pathStats.initialDelay = 5 (org.apache.zookeeper.server.util.RequestPathMetricsCollector)
zookeeper-1  | [2025-04-08 15:31:42,276] INFO zookeeper.pathStats.delay = 5 (org.apache.zookeeper.server.util.RequestPathMetricsCollector)
zookeeper-1  | [2025-04-08 15:31:42,277] INFO zookeeper.pathStats.enabled = false (org.apache.zookeeper.server.util.RequestPathMetricsCollector)
zookeeper-1  | [2025-04-08 15:31:42,281] INFO The max bytes for all large requests are set to 104857600 (org.apache.zookeeper.server.ZooKeeperServer)
zookeeper-1  | [2025-04-08 15:31:42,296] INFO The large request threshold is set to -1 (org.apache.zookeeper.server.ZooKeeperServer)
zookeeper-1  | [2025-04-08 15:31:42,297] INFO zookeeper.enforce.auth.enabled = false (org.apache.zookeeper.server.AuthenticationHelper)
zookeeper-1  | [2025-04-08 15:31:42,298] INFO zookeeper.enforce.auth.schemes = [] (org.apache.zookeeper.server.AuthenticationHelper)
zookeeper-1  | [2025-04-08 15:31:42,298] INFO Created server with tickTime 2000 ms minSessionTimeout 4000 ms maxSessionTimeout 40000 ms clientPortListenBacklog -1 datadir /var/lib/zookeeper/log/version-2 snapdir /var/lib/zookeeper/data/version-2 (org.apache.zookeeper.server.ZooKeeperServer)
zookeeper-1  | [2025-04-08 15:31:42,454] INFO Logging initialized @3356ms to org.eclipse.jetty.util.log.Slf4jLog (org.eclipse.jetty.util.log)
zookeeper-1  | [2025-04-08 15:31:42,980] WARN o.e.j.s.ServletContextHandler@5542c4ed{/,null,STOPPED} contextPath ends with /* (org.eclipse.jetty.server.handler.ContextHandler)
zookeeper-1  | [2025-04-08 15:31:42,983] WARN Empty contextPath (org.eclipse.jetty.server.handler.ContextHandler)
zookeeper-1  | [2025-04-08 15:31:43,147] INFO jetty-9.4.57.v20241219; built: 2025-01-08T21:24:30.412Z; git: df524e6b29271c2e09ba9aea83c18dc9db464a31; jvm 17.0.13+11 (org.eclipse.jetty.server.Server)
zookeeper-1  | [2025-04-08 15:31:43,506] INFO DefaultSessionIdManager workerName=node0 (org.eclipse.jetty.server.session)
zookeeper-1  | [2025-04-08 15:31:43,506] INFO No SessionScavenger set, using defaults (org.eclipse.jetty.server.session)
zookeeper-1  | [2025-04-08 15:31:43,546] INFO node0 Scavenging every 600000ms (org.eclipse.jetty.server.session)
zookeeper-1  | [2025-04-08 15:31:43,558] WARN ServletContext@o.e.j.s.ServletContextHandler@5542c4ed{/,null,STARTING} has uncovered http methods for path: /* (org.eclipse.jetty.security.SecurityHandler)
zookeeper-1  | [2025-04-08 15:31:43,642] INFO Started o.e.j.s.ServletContextHandler@5542c4ed{/,null,AVAILABLE} (org.eclipse.jetty.server.handler.ContextHandler)
zookeeper-1  | [2025-04-08 15:31:43,710] INFO Started ServerConnector@6c64cb25{HTTP/1.1, (http/1.1)}{0.0.0.0:8080} (org.eclipse.jetty.server.AbstractConnector)
zookeeper-1  | [2025-04-08 15:31:43,710] INFO Started @4618ms (org.eclipse.jetty.server.Server)
zookeeper-1  | [2025-04-08 15:31:43,711] INFO Started AdminServer on address 0.0.0.0, port 8080 and command URL /commands (org.apache.zookeeper.server.admin.JettyAdminServer)
zookeeper-1  | [2025-04-08 15:31:43,737] INFO Using org.apache.zookeeper.server.NIOServerCnxnFactory as server connection factory (org.apache.zookeeper.server.ServerCnxnFactory)
zookeeper-1  | [2025-04-08 15:31:43,739] WARN maxCnxns is not configured, using default value 0. (org.apache.zookeeper.server.ServerCnxnFactory)
zookeeper-1  | [2025-04-08 15:31:43,742] INFO Configuring NIO connection handler with 10s sessionless connection timeout, 1 selector thread(s), 8 worker threads, and 64 kB direct buffers. (org.apache.zookeeper.server.NIOServerCnxnFactory)
zookeeper-1  | [2025-04-08 15:31:43,744] INFO binding to port 0.0.0.0/0.0.0.0:2181 (org.apache.zookeeper.server.NIOServerCnxnFactory)
zookeeper-1  | [2025-04-08 15:31:43,856] INFO Using org.apache.zookeeper.server.watch.WatchManager as watch manager (org.apache.zookeeper.server.watch.WatchManagerFactory)
zookeeper-1  | [2025-04-08 15:31:43,857] INFO Using org.apache.zookeeper.server.watch.WatchManager as watch manager (org.apache.zookeeper.server.watch.WatchManagerFactory)
zookeeper-1  | [2025-04-08 15:31:43,857] INFO zookeeper.snapshotSizeFactor = 0.33 (org.apache.zookeeper.server.ZKDatabase)
zookeeper-1  | [2025-04-08 15:31:43,858] INFO zookeeper.commitLogCount=500 (org.apache.zookeeper.server.ZKDatabase)
zookeeper-1  | [2025-04-08 15:31:43,895] INFO zookeeper.snapshot.compression.method = CHECKED (org.apache.zookeeper.server.persistence.SnapStream)
zookeeper-1  | [2025-04-08 15:31:43,895] INFO Snapshotting: 0x0 to /var/lib/zookeeper/data/version-2/snapshot.0 (org.apache.zookeeper.server.persistence.FileTxnSnapLog)
zookeeper-1  | [2025-04-08 15:31:43,950] INFO Snapshot loaded in 92 ms, highest zxid is 0x0, digest is 1371985504 (org.apache.zookeeper.server.ZKDatabase)
zookeeper-1  | [2025-04-08 15:31:43,952] INFO Snapshotting: 0x0 to /var/lib/zookeeper/data/version-2/snapshot.0 (org.apache.zookeeper.server.persistence.FileTxnSnapLog)
zookeeper-1  | [2025-04-08 15:31:43,957] INFO Snapshot taken in 5 ms (org.apache.zookeeper.server.ZooKeeperServer)
zookeeper-1  | [2025-04-08 15:31:44,022] INFO zookeeper.request_throttler.shutdownTimeout = 10000 ms (org.apache.zookeeper.server.RequestThrottler)
zookeeper-1  | [2025-04-08 15:31:44,023] INFO PrepRequestProcessor (sid:0) started, reconfigEnabled=false (org.apache.zookeeper.server.PrepRequestProcessor)
zookeeper-1  | [2025-04-08 15:31:44,184] INFO Using checkIntervalMs=60000 maxPerMinute=10000 maxNeverUsedIntervalMs=0 (org.apache.zookeeper.server.ContainerManager)
zookeeper-1  | [2025-04-08 15:31:44,186] INFO ZooKeeper audit is disabled. (org.apache.zookeeper.audit.ZKAuditProvider)
zookeeper-1  | [2025-04-08 15:31:53,097] INFO Creating new log file: log.1 (org.apache.zookeeper.server.persistence.FileTxnLog)
