2025.02.16 13:52:14 INFO  Started: Metals version 1.5.1 in folders 'C:\Users\ESP\Desktop\BigDataAplicado\Tema5-Spark' for client Visual Studio Code 1.97.2.
2025.02.16 13:52:14 INFO  time: initialize in 0.23s
2025.02.16 13:52:39 INFO  Running List(C:\Users\ESP\AppData\Local\Coursier\data\bin\scala-cli.BAT, setup-ide, C:\Users\ESP\Desktop\BigDataAplicado\Tema5-Spark)
2025.02.16 13:52:40 INFO  Attempting to connect to the build server...
2025.02.16 13:52:40 INFO  Running BSP server List(C:\Users\ESP\AppData\Local\Coursier\data\bin\.scala-cli.aux.exe, bsp, --json-options, C:\Users\ESP\Desktop\BigDataAplicado\Tema5-Spark\.scala-build\ide-options-v2.json, --json-launcher-options, C:\Users\ESP\Desktop\BigDataAplicado\Tema5-Spark\.scala-build\ide-launcher-options.json, --envs-file, C:\Users\ESP\Desktop\BigDataAplicado\Tema5-Spark\.scala-build\ide-envs.json, C:\Users\ESP\Desktop\BigDataAplicado\Tema5-Spark)
2025.02.16 13:52:42 INFO  tracing is disabled for protocol BSP, to enable tracing of incoming and outgoing JSON messages create an empty file at C:\Users\ESP\Desktop\BigDataAplicado\Tema5-Spark\.metals\bsp.trace.json or C:\Users\ESP\AppData\Local\scalameta\metals\cache\bsp.trace.json
2025.02.16 13:52:48 INFO  BSP server: Starting compilation server
2025.02.16 13:52:52 INFO  time: Connected to build server in 12s
2025.02.16 13:52:52 INFO  Connected to Build server: scala-cli v1.5.4
2025.02.16 13:52:53 INFO  time: Imported build in 0.71s
2025.02.16 13:52:53 INFO  running doctor check
2025.02.16 13:52:53 INFO  java targets: Tema5-Spark_d5c0a6989e-test, Tema5-Spark_d5c0a6989e
2025.02.16 13:52:55 INFO  compiling tema5-spark_d5c0a6989e (4 scala sources)
2025.02.16 13:53:11 INFO  time: compiled Tema5-Spark_d5c0a6989e in 15s
2025.02.16 13:53:11 INFO  compiling tema5-spark_d5c0a6989e (4 scala sources)
2025.02.16 13:53:17 INFO  time: indexed workspace in 23s
2025.02.16 13:53:18 INFO  Shutting down server
2025.02.16 13:53:18 INFO  shutting down Metals
2025.02.16 13:53:18 INFO  Shut down connection with build server.
2025.02.16 13:53:18 INFO  Cancelling compilation on scala-cli server
2025.02.16 13:53:19 INFO  Exiting server
2025.02.18 17:07:57 INFO  Started: Metals version 1.5.1 in folders 'C:\Users\ESP\Desktop\BigDataAplicado\Tema5-Spark' for client Visual Studio Code 1.97.2.
2025.02.18 17:07:57 INFO  time: initialize in 0.12s
2025.02.18 17:08:10 INFO  Attempting to connect to the build server...
2025.02.18 17:08:10 INFO  Running BSP server List(C:\Users\ESP\AppData\Local\Coursier\data\bin\.scala-cli.aux.exe, bsp, --json-options, C:\Users\ESP\Desktop\BigDataAplicado\Tema5-Spark\.scala-build\ide-options-v2.json, --json-launcher-options, C:\Users\ESP\Desktop\BigDataAplicado\Tema5-Spark\.scala-build\ide-launcher-options.json, --envs-file, C:\Users\ESP\Desktop\BigDataAplicado\Tema5-Spark\.scala-build\ide-envs.json, C:\Users\ESP\Desktop\BigDataAplicado\Tema5-Spark)
feb 18, 2025 5:08:12 P. M. org.eclipse.lsp4j.jsonrpc.services.GenericEndpoint notify
WARNING: Unsupported notification method: metals/windowStateDidChange
2025.02.18 17:08:17 INFO  tracing is disabled for protocol BSP, to enable tracing of incoming and outgoing JSON messages create an empty file at C:\Users\ESP\Desktop\BigDataAplicado\Tema5-Spark\.metals\bsp.trace.json
feb 18, 2025 5:08:18 P. M. org.eclipse.lsp4j.jsonrpc.services.GenericEndpoint notify
WARNING: Unsupported notification method: metals/windowStateDidChange
feb 18, 2025 5:08:25 P. M. org.eclipse.lsp4j.jsonrpc.services.GenericEndpoint notify
INFO: Unsupported notification method: $/setTrace
2025.02.18 17:08:25 INFO  BSP server: Starting compilation server
feb 18, 2025 5:08:26 P. M. org.eclipse.lsp4j.jsonrpc.services.GenericEndpoint notify
INFO: Unsupported notification method: $/setTrace
feb 18, 2025 5:08:33 P. M. org.eclipse.lsp4j.jsonrpc.services.GenericEndpoint notify
WARNING: Unsupported notification method: metals/windowStateDidChange
2025.02.18 17:08:33 INFO  time: Connected to build server in 22s
2025.02.18 17:08:33 INFO  Connected to Build server: scala-cli v1.5.4
2025.02.18 17:08:34 INFO  time: Imported build in 0.45s
2025.02.18 17:08:34 INFO  running doctor check
2025.02.18 17:08:34 INFO  java targets: Tema5-Spark_d5c0a6989e-test, Tema5-Spark_d5c0a6989e
2025.02.18 17:08:37 INFO  compiling tema5-spark_d5c0a6989e (4 scala sources)
2025.02.18 17:08:54 INFO  time: compiled Tema5-Spark_d5c0a6989e in 17s
2025.02.18 17:08:54 INFO  compiling tema5-spark_d5c0a6989e (4 scala sources)
feb 18, 2025 5:08:58 P. M. org.eclipse.lsp4j.jsonrpc.RemoteEndpoint handleCancellation
WARNING: Unmatched cancel notification for request id 14
feb 18, 2025 5:09:03 P. M. org.eclipse.lsp4j.jsonrpc.services.GenericEndpoint notify
INFO: Unsupported notification method: $/setTrace
feb 18, 2025 5:09:03 P. M. org.eclipse.lsp4j.jsonrpc.RemoteEndpoint handleCancellation
WARNING: Unmatched cancel notification for request id 17
2025.02.18 17:09:03 INFO  time: indexed workspace in 29s
2025.02.18 17:09:04 INFO  time: compiled Tema5-Spark_d5c0a6989e in 9.83s
feb 18, 2025 5:09:11 P. M. org.eclipse.lsp4j.jsonrpc.RemoteEndpoint handleCancellation
WARNING: Unmatched cancel notification for request id 23
2025.02.18 17:09:13 INFO  compiling tema5-spark_d5c0a6989e (4 scala sources)
2025.02.18 17:09:19 INFO  time: compiled Tema5-Spark_d5c0a6989e in 5.28s
2025.02.18 17:09:21 INFO  compiling tema5-spark_d5c0a6989e (4 scala sources)
2025.02.18 17:09:24 INFO  time: compiled Tema5-Spark_d5c0a6989e in 3.42s
2025.02.18 17:09:34 INFO  Shutting down server
2025.02.18 17:09:34 INFO  shutting down Metals
2025.02.18 17:09:34 INFO  Shut down connection with build server.
2025.02.18 17:09:34 INFO  Exiting server
2025.02.18 17:10:00 INFO  Started: Metals version 1.5.1 in folders 'C:\Users\ESP\Desktop\BigDataAplicado\Tema5-Spark' for client Visual Studio Code 1.97.2.
2025.02.18 17:10:04 INFO  Attempting to connect to the build server...
2025.02.18 17:10:04 INFO  Running BSP server List(C:\Users\ESP\AppData\Local\Coursier\data\bin\.scala-cli.aux.exe, bsp, --json-options, C:\Users\ESP\Desktop\BigDataAplicado\Tema5-Spark\.scala-build\ide-options-v2.json, --json-launcher-options, C:\Users\ESP\Desktop\BigDataAplicado\Tema5-Spark\.scala-build\ide-launcher-options.json, --envs-file, C:\Users\ESP\Desktop\BigDataAplicado\Tema5-Spark\.scala-build\ide-envs.json, C:\Users\ESP\Desktop\BigDataAplicado\Tema5-Spark)
2025.02.18 17:10:05 INFO  tracing is disabled for protocol BSP, to enable tracing of incoming and outgoing JSON messages create an empty file at C:\Users\ESP\Desktop\BigDataAplicado\Tema5-Spark\.metals\bsp.trace.json or C:\Users\ESP\AppData\Local\scalameta\metals\cache\bsp.trace.json
2025.02.18 17:10:07 INFO  time: Connected to build server in 3.18s
2025.02.18 17:10:07 INFO  Connected to Build server: scala-cli v1.5.4
2025.02.18 17:10:07 INFO  time: Imported build in 0.26s
2025.02.18 17:10:07 INFO  running doctor check
2025.02.18 17:10:07 INFO  java targets: Tema5-Spark_d5c0a6989e-test, Tema5-Spark_d5c0a6989e
feb 18, 2025 5:10:08 P. M. org.eclipse.lsp4j.jsonrpc.services.GenericEndpoint notify
WARNING: Unsupported notification method: metals/windowStateDidChange
2025.02.18 17:10:09 INFO  compiling tema5-spark_d5c0a6989e (4 scala sources)
2025.02.18 17:10:13 INFO  time: compiled Tema5-Spark_d5c0a6989e in 4.11s
2025.02.18 17:10:13 INFO  compiling tema5-spark_d5c0a6989e (4 scala sources)
2025.02.18 17:10:17 INFO  time: compiled Tema5-Spark_d5c0a6989e in 3.52s
2025.02.18 17:10:25 INFO  time: indexed workspace in 17s
feb 18, 2025 5:10:53 P. M. org.eclipse.lsp4j.jsonrpc.services.GenericEndpoint notify
WARNING: Unsupported notification method: metals/windowStateDidChange
feb 18, 2025 5:11:40 P. M. org.eclipse.lsp4j.jsonrpc.services.GenericEndpoint notify
WARNING: Unsupported notification method: metals/windowStateDidChange
feb 18, 2025 5:12:12 P. M. org.eclipse.lsp4j.jsonrpc.RemoteEndpoint handleCancellation
WARNING: Unmatched cancel notification for request id 4
feb 18, 2025 5:12:12 P. M. org.eclipse.lsp4j.jsonrpc.RemoteEndpoint handleCancellation
WARNING: Unmatched cancel notification for request id 6
feb 18, 2025 5:12:12 P. M. org.eclipse.lsp4j.jsonrpc.RemoteEndpoint handleCancellation
WARNING: Unmatched cancel notification for request id 2
feb 18, 2025 5:12:12 P. M. org.eclipse.lsp4j.jsonrpc.RemoteEndpoint handleNotification
WARNING: Notification threw an exception: {
  "jsonrpc": "2.0",
  "method": "metals/didFocusTextDocument",
  "params": [
    "vscode-notebook-cell:/c%3A/Users/ESP/Desktop/BigDataAplicado/Tema5-Spark/prueba.ipynb#W0sZmlsZQ%3D%3D"
  ]
}
java.nio.file.FileSystemNotFoundException: Provider "vscode-notebook-cell" not installed
	at java.base/java.nio.file.Path.of(Path.java:213)
	at java.base/java.nio.file.Paths.get(Paths.java:98)
	at scala.meta.internal.mtags.MtagsEnrichments$XtensionURIMtags.toAbsolutePath(MtagsEnrichments.scala:130)
	at scala.meta.internal.mtags.MtagsEnrichments$XtensionStringMtags.toAbsolutePath(MtagsEnrichments.scala:190)
	at scala.meta.internal.metals.MetalsEnrichments$XtensionString.toAbsolutePath(MetalsEnrichments.scala:774)
	at scala.meta.internal.metals.MetalsEnrichments$XtensionString.toAbsolutePath(MetalsEnrichments.scala:771)
	at scala.meta.internal.metals.WorkspaceLspService.didFocus(WorkspaceLspService.scala:718)
	at scala.meta.metals.lsp.DelegatingScalaService.didFocus(DelegatingScalaService.scala:42)
	at java.base/jdk.internal.reflect.DirectMethodHandleAccessor.invoke(DirectMethodHandleAccessor.java:103)
	at java.base/java.lang.reflect.Method.invoke(Method.java:580)
	at org.eclipse.lsp4j.jsonrpc.services.GenericEndpoint.lambda$recursiveFindRpcMethods$0(GenericEndpoint.java:65)
	at org.eclipse.lsp4j.jsonrpc.services.GenericEndpoint.notify(GenericEndpoint.java:160)
	at org.eclipse.lsp4j.jsonrpc.RemoteEndpoint.handleNotification(RemoteEndpoint.java:231)
	at org.eclipse.lsp4j.jsonrpc.RemoteEndpoint.consume(RemoteEndpoint.java:198)
	at org.eclipse.lsp4j.jsonrpc.json.StreamMessageProducer.handleMessage(StreamMessageProducer.java:185)
	at org.eclipse.lsp4j.jsonrpc.json.StreamMessageProducer.listen(StreamMessageProducer.java:97)
	at org.eclipse.lsp4j.jsonrpc.json.ConcurrentMessageProcessor.run(ConcurrentMessageProcessor.java:114)
	at java.base/java.util.concurrent.Executors$RunnableAdapter.call(Executors.java:572)
	at java.base/java.util.concurrent.FutureTask.run(FutureTask.java:317)
	at java.base/java.util.concurrent.ThreadPoolExecutor.runWorker(ThreadPoolExecutor.java:1144)
	at java.base/java.util.concurrent.ThreadPoolExecutor$Worker.run(ThreadPoolExecutor.java:642)
	at java.base/java.lang.Thread.run(Thread.java:1575)

feb 18, 2025 5:12:12 P. M. org.eclipse.lsp4j.jsonrpc.services.GenericEndpoint notify
WARNING: Unsupported notification method: metals/windowStateDidChange
2025.02.18 17:12:12 INFO  Cancelling compilation on scala-cli server
2025.02.18 17:12:13 INFO  compiling tema5-spark_d5c0a6989e (4 scala sources)
feb 18, 2025 5:12:13 P. M. org.eclipse.lsp4j.jsonrpc.services.GenericEndpoint notify
WARNING: Unsupported notification method: metals/windowStateDidChange
2025.02.18 17:12:15 INFO  time: compiled Tema5-Spark_d5c0a6989e in 2.73s
2025.02.18 17:12:15 INFO  time: Imported build in 2.95s
2025.02.18 17:12:15 INFO  running doctor check
2025.02.18 17:12:15 INFO  java targets: Tema5-Spark_d5c0a6989e-test, Tema5-Spark_d5c0a6989e
feb 18, 2025 5:12:17 P. M. org.eclipse.lsp4j.jsonrpc.services.GenericEndpoint notify
WARNING: Unsupported notification method: metals/windowStateDidChange
2025.02.18 17:12:21 INFO  time: indexed workspace in 5.18s
2025.02.18 17:12:21 INFO  compiling tema5-spark_d5c0a6989e (4 scala sources)
feb 18, 2025 5:12:22 P. M. org.eclipse.lsp4j.jsonrpc.RemoteEndpoint handleCancellation
WARNING: Unmatched cancel notification for request id 18
2025.02.18 17:12:24 INFO  time: compiled Tema5-Spark_d5c0a6989e in 3.21s
feb 18, 2025 5:12:26 P. M. org.eclipse.lsp4j.jsonrpc.services.GenericEndpoint notify
WARNING: Unsupported notification method: metals/windowStateDidChange
feb 18, 2025 5:12:31 P. M. org.eclipse.lsp4j.jsonrpc.RemoteEndpoint handleCancellation
WARNING: Unmatched cancel notification for request id 30
feb 18, 2025 5:12:31 P. M. org.eclipse.lsp4j.jsonrpc.RemoteEndpoint handleCancellation
WARNING: Unmatched cancel notification for request id 29
feb 18, 2025 5:12:32 P. M. org.eclipse.lsp4j.jsonrpc.services.GenericEndpoint notify
WARNING: Unsupported notification method: metals/windowStateDidChange
feb 18, 2025 5:12:34 P. M. org.eclipse.lsp4j.jsonrpc.services.GenericEndpoint notify
WARNING: Unsupported notification method: metals/windowStateDidChange
2025.02.18 17:12:34 INFO  Cancelling compilation on scala-cli server
2025.02.18 17:12:34 INFO  compiling tema5-spark_d5c0a6989e (3 scala sources)
feb 18, 2025 5:12:35 P. M. org.eclipse.lsp4j.jsonrpc.RemoteEndpoint handleCancellation
WARNING: Unmatched cancel notification for request id 48
2025.02.18 17:12:36 WARN  Invalid text document uri received from build server: file:///C:/Users/ESP/Desktop/BigDataAplicado/Tema5-Spark/1%20-%20Spark_SQL.scala
2025.02.18 17:12:36 INFO  time: compiled Tema5-Spark_d5c0a6989e in 1.69s
2025.02.18 17:12:36 INFO  compiling tema5-spark_d5c0a6989e (3 scala sources)
2025.02.18 17:12:36 INFO  time: Imported build in 1.81s
2025.02.18 17:12:36 INFO  running doctor check
2025.02.18 17:12:36 INFO  java targets: Tema5-Spark_d5c0a6989e-test, Tema5-Spark_d5c0a6989e
feb 18, 2025 5:12:38 P. M. org.eclipse.lsp4j.jsonrpc.RemoteEndpoint handleCancellation
WARNING: Unmatched cancel notification for request id 67
2025.02.18 17:12:39 INFO  compiling tema5-spark_d5c0a6989e (3 scala sources)
2025.02.18 17:12:41 INFO  time: compiled Tema5-Spark_d5c0a6989e in 1.74s
2025.02.18 17:12:42 INFO  time: indexed workspace in 6.31s
2025.02.18 17:12:43 INFO  compiling tema5-spark_d5c0a6989e (3 scala sources)
2025.02.18 17:12:43 INFO  time: compiled Tema5-Spark_d5c0a6989e in 0.55s
feb 18, 2025 5:12:51 P. M. org.eclipse.lsp4j.jsonrpc.services.GenericEndpoint notify
WARNING: Unsupported notification method: metals/windowStateDidChange
feb 18, 2025 5:13:24 P. M. org.eclipse.lsp4j.jsonrpc.services.GenericEndpoint notify
WARNING: Unsupported notification method: metals/windowStateDidChange
feb 18, 2025 5:14:09 P. M. org.eclipse.lsp4j.jsonrpc.services.GenericEndpoint notify
WARNING: Unsupported notification method: metals/windowStateDidChange
2025.02.18 17:14:12 INFO  Shutting down server
2025.02.18 17:14:12 INFO  shutting down Metals
2025.02.18 17:14:12 INFO  Shut down connection with build server.
2025.02.18 17:14:12 INFO  Exiting server
